<?xml version="1.0" encoding="UTF-8"?>
<!-- Generated by org.testng.reporters.JUnitXMLReporter -->
<testsuite ignored="0" hostname="Akash" failures="1" tests="1" name="Test(failed)" time="25.782" errors="0" timestamp="2025-07-02T11:38:52 IST">
  <testcase classname="testCases.TC002_LoginTest" name="Verify_login" time="12.045">
    <failure type="java.lang.AssertionError" message="Test Failed expected [true] but found [false]">
      <![CDATA[java.lang.AssertionError: Test Failed expected [true] but found [false]
at testCases.TC002_LoginTest.Verify_login(TC002_LoginTest.java:36)
at java.base/java.util.ArrayList.forEach(ArrayList.java:1511)
... Removed 33 stack frames]]>
    </failure>
  </testcase> <!-- Verify_login -->
</testsuite> <!-- Test(failed) -->
